INFO: 2025-10-04 07:16:51,132: main() 'Using profile folder /home/ani/.config/variety/'
INFO: 2025-10-04 07:16:51,210: perform_upgrade() 'Last run version was 0.8.13 or earlier, current version is 0.8.13'
INFO: 2025-10-04 07:16:51,226: process_command() 'Received command: []'
INFO: 2025-10-04 07:16:51,232: start() 'Using data_path /usr/share/variety'
INFO: 2025-10-04 07:16:51,232: load() 'Jumble loading'
INFO: 2025-10-04 07:16:51,233: _walk_modules() 'Jumble loading module in __init__ from /usr/lib/python3.13/site-packages/variety/plugins/builtin/__init__.py'
INFO: 2025-10-04 07:16:51,235: _walk_modules() 'Jumble loading module in WallhavenSource from /usr/lib/python3.13/site-packages/variety/plugins/builtin/downloaders/WallhavenSource.py'
INFO: 2025-10-04 07:16:51,242: load() 'Jumble found plugin class: <class 'WallhavenSource.WallhavenSource'>: {'name': 'WallhavenSource', 'description': 'Configurable source for fetching images from Wallhaven.cc', 'author': 'Peter Levi', 'version': '0.1'}'
INFO: 2025-10-04 07:16:51,243: _walk_modules() 'Jumble loading module in NationalGeographicDownloader from /usr/lib/python3.13/site-packages/variety/plugins/builtin/downloaders/NationalGeographicDownloader.py'
INFO: 2025-10-04 07:16:51,244: load() 'Jumble found plugin class: <class 'NationalGeographicDownloader.NationalGeographicDownloader'>: {'name': 'NationalGeographicDownloader', 'description': "National Geographic's photo of the day", 'author': 'Eric Rösch', 'version': '0.1'}'
INFO: 2025-10-04 07:16:51,245: _walk_modules() 'Jumble loading module in BingDownloader from /usr/lib/python3.13/site-packages/variety/plugins/builtin/downloaders/BingDownloader.py'
INFO: 2025-10-04 07:16:51,247: load() 'Jumble found plugin class: <class 'BingDownloader.BingDownloader'>: {'name': 'BingDownloader', 'description': 'Bing Photo of the Day', 'author': 'Peter Levi', 'version': '0.1'}'
INFO: 2025-10-04 07:16:51,247: _walk_modules() 'Jumble loading module in MediaRSSDownloader from /usr/lib/python3.13/site-packages/variety/plugins/builtin/downloaders/MediaRSSDownloader.py'
INFO: 2025-10-04 07:16:51,249: _walk_modules() 'Jumble loading module in UnsplashConfigurableSource from /usr/lib/python3.13/site-packages/variety/plugins/builtin/downloaders/UnsplashConfigurableSource.py'
INFO: 2025-10-04 07:16:51,253: load() 'Jumble found plugin class: <class 'UnsplashConfigurableSource.UnsplashConfigurableSource'>: {'name': 'UnsplashConfigurableSource', 'description': 'Configurable source for fetching photos from Unsplash.com', 'author': 'Peter Levi', 'version': '0.1'}'
INFO: 2025-10-04 07:16:51,253: _walk_modules() 'Jumble loading module in RedditSource from /usr/lib/python3.13/site-packages/variety/plugins/builtin/downloaders/RedditSource.py'
INFO: 2025-10-04 07:16:51,256: load() 'Jumble found plugin class: <class 'RedditSource.RedditSource'>: {'name': 'RedditSource', 'description': 'Configurable source for fetching images from Reddit', 'author': 'Peter Levi', 'version': '0.1'}'
INFO: 2025-10-04 07:16:51,256: _walk_modules() 'Jumble loading module in MediaRSSSource from /usr/lib/python3.13/site-packages/variety/plugins/builtin/downloaders/MediaRSSSource.py'
INFO: 2025-10-04 07:16:51,257: load() 'Jumble found plugin class: <class 'MediaRSSSource.MediaRSSSource'>: {'name': 'MediaRSSSource', 'description': 'Configurable source for fetching images from MediaRSS feeds', 'author': 'Peter Levi', 'version': '0.1'}'
INFO: 2025-10-04 07:16:51,258: _walk_modules() 'Jumble loading module in WallhavenLegacyDownloader from /usr/lib/python3.13/site-packages/variety/plugins/builtin/downloaders/WallhavenLegacyDownloader.py'
INFO: 2025-10-04 07:16:51,258: _walk_modules() 'Jumble loading module in RedditDownloader from /usr/lib/python3.13/site-packages/variety/plugins/builtin/downloaders/RedditDownloader.py'
INFO: 2025-10-04 07:16:51,259: _walk_modules() 'Jumble loading module in APODDownloader from /usr/lib/python3.13/site-packages/variety/plugins/builtin/downloaders/APODDownloader.py'
INFO: 2025-10-04 07:16:51,260: load() 'Jumble found plugin class: <class 'APODDownloader.APODDownloader'>: {'name': 'APODDownloader', 'description': 'NASA Astro Pic of the Day', 'author': 'Peter Levi', 'version': '0.1'}'
INFO: 2025-10-04 07:16:51,260: _walk_modules() 'Jumble loading module in ArtStationSource from /usr/lib/python3.13/site-packages/variety/plugins/builtin/downloaders/ArtStationSource.py'
INFO: 2025-10-04 07:16:51,262: load() 'Jumble found plugin class: <class 'ArtStationSource.ArtStationSource'>: {'name': 'ArtStationSource', 'description': 'Configurable source for fetching images from ArtStation', 'author': 'Denis Gordeev', 'version': '0.1'}'
INFO: 2025-10-04 07:16:51,262: _walk_modules() 'Jumble loading module in WallhavenDownloader from /usr/lib/python3.13/site-packages/variety/plugins/builtin/downloaders/WallhavenDownloader.py'
INFO: 2025-10-04 07:16:51,263: _walk_modules() 'Jumble loading module in UnsplashDownloader from /usr/lib/python3.13/site-packages/variety/plugins/builtin/downloaders/UnsplashDownloader.py'
INFO: 2025-10-04 07:16:51,263: load() 'Jumble found plugin class: <class 'UnsplashDownloader.UnsplashDownloader'>: {'name': 'UnsplashDownloader', 'description': 'High-resolution photos from Unsplash.com', 'author': 'Peter Levi', 'version': '0.1'}'
INFO: 2025-10-04 07:16:51,263: _walk_modules() 'Jumble loading module in __init__ from /usr/lib/python3.13/site-packages/variety/plugins/builtin/downloaders/__init__.py'
INFO: 2025-10-04 07:16:51,264: _walk_modules() 'Jumble loading module in ArtStationDownloader from /usr/lib/python3.13/site-packages/variety/plugins/builtin/downloaders/ArtStationDownloader.py'
INFO: 2025-10-04 07:16:51,264: _walk_modules() 'Jumble loading module in EarthviewDownloader from /usr/lib/python3.13/site-packages/variety/plugins/builtin/downloaders/EarthviewDownloader.py'
INFO: 2025-10-04 07:16:51,265: load() 'Jumble found plugin class: <class 'EarthviewDownloader.EarthviewDownloader'>: {'name': 'EarthviewDownloader', 'description': 'Google Earth View Wallpapers', 'author': 'Peter Levi', 'version': '0.1'}'
INFO: 2025-10-04 07:16:51,266: _walk_modules() 'Jumble loading module in GnomeDisplayModesPlugin from /usr/lib/python3.13/site-packages/variety/plugins/builtin/display_modes/GnomeDisplayModesPlugin.py'
INFO: 2025-10-04 07:16:51,267: load() 'Jumble found plugin class: <class 'GnomeDisplayModesPlugin.GnomeDisplayModesPlugin'>: {'name': 'GnomeDisplayModesPlugin', 'description': 'Display modes relying on the underlying desktop environment', 'version': '1.0', 'author': 'Peter Levi'}'
INFO: 2025-10-04 07:16:51,267: _walk_modules() 'Jumble loading module in LegacyDisplayModesPlugin from /usr/lib/python3.13/site-packages/variety/plugins/builtin/display_modes/LegacyDisplayModesPlugin.py'
INFO: 2025-10-04 07:16:51,268: load() 'Jumble found plugin class: <class 'LegacyDisplayModesPlugin.LegacyDisplayModesPlugin'>: {'name': 'LegacyDisplayModesPlugin', 'description': 'Legacy display mode for compatibility with past Variety versions', 'version': '1.0', 'author': 'Peter Levi'}'
INFO: 2025-10-04 07:16:51,268: _walk_modules() 'Jumble loading module in __init__ from /usr/lib/python3.13/site-packages/variety/plugins/builtin/display_modes/__init__.py'
INFO: 2025-10-04 07:16:51,269: _walk_modules() 'Jumble loading module in ResizingDisplayModesPlugin from /usr/lib/python3.13/site-packages/variety/plugins/builtin/display_modes/ResizingDisplayModesPlugin.py'
INFO: 2025-10-04 07:16:51,270: load() 'Jumble found plugin class: <class 'ResizingDisplayModesPlugin.ResizingDisplayModesPlugin'>: {'name': 'ResizingDisplayModesPlugin', 'description': 'Display modes that use image resizing within Variety', 'version': '1.0', 'author': 'Peter Levi'}'
INFO: 2025-10-04 07:16:51,270: _walk_modules() 'Jumble loading module in LocalFilesSource from /usr/lib/python3.13/site-packages/variety/plugins/builtin/quotes/LocalFilesSource.py'
INFO: 2025-10-04 07:16:51,272: load() 'Jumble found plugin class: <class 'LocalFilesSource.LocalFilesSource'>: {'name': 'Local text files', 'description': 'Displays quotes, defined in local text files.\nPut your own txt files in: ~/.config/variety/pluginconfig/quotes/.\nThe file format is:\n\nquote -- author\n.\nsecond quote -- another author\n.\netc...\n\nExample: http://rvelthuis.de/zips/quotes.txt', 'author': 'Peter Levi', 'version': '0.1'}'
INFO: 2025-10-04 07:16:51,272: _walk_modules() 'Jumble loading module in QuotationsPageSource from /usr/lib/python3.13/site-packages/variety/plugins/builtin/quotes/QuotationsPageSource.py'
INFO: 2025-10-04 07:16:51,318: load() 'Jumble found plugin class: <class 'QuotationsPageSource.QuotationsPageSource'>: {'name': 'TheQuotationsPage.com', 'description': 'Fetches quotes from TheQuotationsPage.com', 'author': 'Peter Levi', 'version': '0.1'}'
INFO: 2025-10-04 07:16:51,318: _walk_modules() 'Jumble loading module in FortuneSource from /usr/lib/python3.13/site-packages/variety/plugins/builtin/quotes/FortuneSource.py'
INFO: 2025-10-04 07:16:51,319: load() 'Jumble found plugin class: <class 'FortuneSource.FortuneSource'>: {'name': 'UNIX fortune program', 'description': 'Displays quotes using the UNIX fortune program. You may want to install additional fortune packs, e.g. fortunes-bofh-excuses.', 'author': 'Dan Jones', 'version': '0.1'}'
INFO: 2025-10-04 07:16:51,319: _walk_modules() 'Jumble loading module in GoodreadsSource from /usr/lib/python3.13/site-packages/variety/plugins/builtin/quotes/GoodreadsSource.py'
INFO: 2025-10-04 07:16:51,321: load() 'Jumble found plugin class: <class 'GoodreadsSource.GoodreadsSource'>: {'name': 'Goodreads', 'description': 'Fetches quotes from Goodreads.com', 'author': 'Peter Levi', 'version': '0.1'}'
INFO: 2025-10-04 07:16:51,321: _walk_modules() 'Jumble loading module in __init__ from /usr/lib/python3.13/site-packages/variety/plugins/builtin/quotes/__init__.py'
INFO: 2025-10-04 07:16:51,321: _walk_modules() 'Jumble loading module in UrbanDictionarySource from /usr/lib/python3.13/site-packages/variety/plugins/builtin/quotes/UrbanDictionarySource.py'
INFO: 2025-10-04 07:16:51,322: load() 'Jumble found plugin class: <class 'UrbanDictionarySource.UrbanDictionarySource'>: {'name': 'Urban Dictionary', 'description': 'Displays definitions from Urban Dictionary', 'author': 'James Miller', 'version': '0.1'}'
ERROR: 2025-10-04 07:16:51,323: get_xdg_pictures_folder() 'Could not get path to Pictures folder. Defaulting to ~/Pictures.'
Traceback (most recent call last):
  File "/usr/lib/python3.13/site-packages/variety/Util.py", line 818, in get_xdg_pictures_folder
    raise Exception("Could not get path to Pictures folder. Defaulting to ~/Pictures.")
Exception: Could not get path to Pictures folder. Defaulting to ~/Pictures.
ERROR: 2025-10-04 07:16:51,386: get_xdg_pictures_folder() 'Could not get path to Pictures folder. Defaulting to ~/Pictures.'
Traceback (most recent call last):
  File "/usr/lib/python3.13/site-packages/variety/Util.py", line 818, in get_xdg_pictures_folder
    raise Exception("Could not get path to Pictures folder. Defaulting to ~/Pictures.")
Exception: Could not get path to Pictures folder. Defaulting to ~/Pictures.
INFO: 2025-10-04 07:16:51,651: reload_config() 'Creating new downloader for type flickr, location user:www.flickr.com/photos/peter-levi/;user_id:93647178@N00;'
INFO: 2025-10-04 07:16:51,664: log_options() 'Loaded options:'
INFO: 2025-10-04 07:16:51,665: log_options() 'change_enabled = False'
INFO: 2025-10-04 07:16:51,665: log_options() 'change_interval = 300'
INFO: 2025-10-04 07:16:51,665: log_options() 'change_on_start = True'
INFO: 2025-10-04 07:16:51,665: log_options() 'clipboard_enabled = False'
INFO: 2025-10-04 07:16:51,665: log_options() 'clipboard_hosts = ['wallhaven.cc', 'wallpapers.net', 'flickr.com', 'imgur.com', 'deviantart.com', 'interfacelift.com', 'vladstudio.com', 'imageshack.us', 'deviantart.net', 'imageshack.com']'
INFO: 2025-10-04 07:16:51,665: log_options() 'clipboard_use_whitelist = True'
INFO: 2025-10-04 07:16:51,665: log_options() 'clock_date_font = Serif 30'
INFO: 2025-10-04 07:16:51,666: log_options() 'clock_enabled = False'
INFO: 2025-10-04 07:16:51,666: log_options() 'clock_filter = -density 100 -font `fc-match -f '%{file[0]}' '%CLOCK_FONT_NAME'` -pointsize %CLOCK_FONT_SIZE -gravity SouthEast -fill '#00000044' -annotate 0x0+[%HOFFSET+58]+[%VOFFSET+108] '%H:%M' -fill white -annotate 0x0+[%HOFFSET+60]+[%VOFFSET+110] '%H:%M' -font `fc-match -f '%{file[0]}' '%DATE_FONT_NAME'` -pointsize %DATE_FONT_SIZE -fill '#00000044' -annotate 0x0+[%HOFFSET+58]+[%VOFFSET+58] '%A, %B %d' -fill white -annotate 0x0+[%HOFFSET+60]+[%VOFFSET+60] '%A, %B %d''
INFO: 2025-10-04 07:16:51,666: log_options() 'clock_font = Serif 70'
INFO: 2025-10-04 07:16:51,666: log_options() 'configfile = /home/ani/.config/variety/variety.conf'
INFO: 2025-10-04 07:16:51,666: log_options() 'copyto_enabled = False'
INFO: 2025-10-04 07:16:51,666: log_options() 'copyto_folder = Default'
INFO: 2025-10-04 07:16:51,666: log_options() 'desired_color = [160, 160, 160]'
INFO: 2025-10-04 07:16:51,666: log_options() 'desired_color_enabled = False'
INFO: 2025-10-04 07:16:51,666: log_options() 'download_folder = /home/ani/.config/variety/Downloaded'
INFO: 2025-10-04 07:16:51,666: log_options() 'download_preference_ratio = 0.9'
INFO: 2025-10-04 07:16:51,666: log_options() 'favorites_folder = /home/ani/.config/variety/Favorites'
INFO: 2025-10-04 07:16:51,666: log_options() 'favorites_operations = [['Downloaded', 'Copy'], ['Fetched', 'Move'], ['Others', 'Copy']]'
INFO: 2025-10-04 07:16:51,667: log_options() 'fetched_folder = /home/ani/.config/variety/Fetched'
INFO: 2025-10-04 07:16:51,667: log_options() 'filters = [[False, 'Keep original', ''], [False, 'Grayscale', '-type Grayscale'], [False, 'Heavy blur', '-scale 20% -blur 0x10 -resize 500%'], [False, 'Soft blur', '-scale 20% -blur 0x2 -resize 500%'], [False, 'Oil painting', '-paint 8'], [False, 'Pointilism', '-spread 10 -noise 3'], [False, 'Pixellate', '-scale 3% -scale 3333%']]'
INFO: 2025-10-04 07:16:51,667: log_options() 'get_wallpaper_script = /home/ani/.config/variety/scripts/get_wallpaper'
INFO: 2025-10-04 07:16:51,667: log_options() 'icon = Light'
INFO: 2025-10-04 07:16:51,667: log_options() 'internet_enabled = True'
INFO: 2025-10-04 07:16:51,667: log_options() 'lightness_enabled = False'
INFO: 2025-10-04 07:16:51,667: log_options() 'lightness_mode = 0'
INFO: 2025-10-04 07:16:51,667: log_options() 'min_rating = 4'
INFO: 2025-10-04 07:16:51,667: log_options() 'min_rating_enabled = False'
INFO: 2025-10-04 07:16:51,667: log_options() 'min_size = 80'
INFO: 2025-10-04 07:16:51,667: log_options() 'min_size_enabled = False'
INFO: 2025-10-04 07:16:51,668: log_options() 'name_regex = .*'
INFO: 2025-10-04 07:16:51,668: log_options() 'name_regex_enabled = False'
INFO: 2025-10-04 07:16:51,668: log_options() 'quota_enabled = True'
INFO: 2025-10-04 07:16:51,668: log_options() 'quota_size = 1000'
INFO: 2025-10-04 07:16:51,668: log_options() 'quotes_authors = '
INFO: 2025-10-04 07:16:51,668: log_options() 'quotes_bg_color = [80, 80, 80]'
INFO: 2025-10-04 07:16:51,668: log_options() 'quotes_bg_opacity = 55'
INFO: 2025-10-04 07:16:51,668: log_options() 'quotes_change_enabled = False'
INFO: 2025-10-04 07:16:51,668: log_options() 'quotes_change_interval = 300'
INFO: 2025-10-04 07:16:51,668: log_options() 'quotes_disabled_sources = ['Urban Dictionary']'
INFO: 2025-10-04 07:16:51,668: log_options() 'quotes_enabled = False'
INFO: 2025-10-04 07:16:51,668: log_options() 'quotes_favorites_file = /home/ani/.config/variety/favorite_quotes.txt'
INFO: 2025-10-04 07:16:51,668: log_options() 'quotes_font = Serif 30'
INFO: 2025-10-04 07:16:51,669: log_options() 'quotes_hpos = 100'
INFO: 2025-10-04 07:16:51,669: log_options() 'quotes_max_length = 250'
INFO: 2025-10-04 07:16:51,669: log_options() 'quotes_tags = '
INFO: 2025-10-04 07:16:51,669: log_options() 'quotes_text_color = [255, 255, 255]'
INFO: 2025-10-04 07:16:51,669: log_options() 'quotes_text_shadow = False'
INFO: 2025-10-04 07:16:51,669: log_options() 'quotes_vpos = 40'
INFO: 2025-10-04 07:16:51,669: log_options() 'quotes_width = 70'
INFO: 2025-10-04 07:16:51,669: log_options() 'safe_mode = False'
INFO: 2025-10-04 07:16:51,669: log_options() 'set_wallpaper_script = /home/ani/.config/variety/scripts/set_wallpaper'
INFO: 2025-10-04 07:16:51,669: log_options() 'slideshow_custom_enabled = False'
INFO: 2025-10-04 07:16:51,669: log_options() 'slideshow_custom_folder = /home/ani/Pictures'
INFO: 2025-10-04 07:16:51,669: log_options() 'slideshow_downloads_enabled = False'
INFO: 2025-10-04 07:16:51,669: log_options() 'slideshow_fade = 0.4'
INFO: 2025-10-04 07:16:51,670: log_options() 'slideshow_favorites_enabled = True'
INFO: 2025-10-04 07:16:51,670: log_options() 'slideshow_mode = Fullscreen'
INFO: 2025-10-04 07:16:51,670: log_options() 'slideshow_monitor = All'
INFO: 2025-10-04 07:16:51,670: log_options() 'slideshow_pan = 0.05'
INFO: 2025-10-04 07:16:51,670: log_options() 'slideshow_seconds = 6.0'
INFO: 2025-10-04 07:16:51,670: log_options() 'slideshow_sort_order = Random'
INFO: 2025-10-04 07:16:51,670: log_options() 'slideshow_sources_enabled = True'
INFO: 2025-10-04 07:16:51,670: log_options() 'slideshow_zoom = 0.2'
INFO: 2025-10-04 07:16:51,670: log_options() 'smart_enabled = False'
INFO: 2025-10-04 07:16:51,670: log_options() 'smart_notice_shown = False'
INFO: 2025-10-04 07:16:51,670: log_options() 'smart_register_shown = False'
INFO: 2025-10-04 07:16:51,670: log_options() 'sources = [[True, 'favorites', 'The Favorites folder'], [True, 'fetched', 'The Fetched folder'], [True, 'folder', '/usr/share/backgrounds'], [True, 'flickr', 'user:www.flickr.com/photos/peter-levi/;user_id:93647178@N00;'], [False, 'apod', "NASA's Astronomy Picture of the Day"], [False, 'bing', 'Bing Photo of the Day'], [False, 'earthview', 'Google Earth View Wallpapers'], [False, 'natgeo', "National Geographic's photo of the day"], [False, 'unsplash', 'High-resolution photos from Unsplash.com'], [True, 'folder', '/home/ani/walls']]'
INFO: 2025-10-04 07:16:51,671: log_options() 'stats_enabled = True'
INFO: 2025-10-04 07:16:51,671: log_options() 'stats_notice_shown = False'
INFO: 2025-10-04 07:16:51,671: log_options() 'sync_enabled = True'
INFO: 2025-10-04 07:16:51,671: log_options() 'use_landscape_enabled = True'
INFO: 2025-10-04 07:16:51,671: log_options() 'wallhaven_api_key = '
INFO: 2025-10-04 07:16:51,671: log_options() 'wallpaper_auto_rotate = False'
INFO: 2025-10-04 07:16:51,671: log_options() 'wallpaper_display_mode = os'
INFO: 2025-10-04 07:16:51,671: reload_config() 'No need to clear prepared queue'
INFO: 2025-10-04 07:16:51,671: update_indicator() 'Setting file info to: /usr/share/backgrounds/gnome/adwaita-l.jxl'
INFO: 2025-10-04 07:16:51,678: load_banned() 'Missing or invalid banned URLs list, no URLs will be banned'
INFO: 2025-10-04 07:16:51,678: load_last_change_time() 'Change interval < 6 hours, ignore persisted last_change_time, wait initially the whole interval: 300'
INFO: 2025-10-04 07:16:51,678: update_indicator() 'Setting file info to: /usr/share/backgrounds/gnome/adwaita-l.jxl'
INFO: 2025-10-04 07:16:51,679: regular_change_thread() 'regular_change thread running'
INFO: 2025-10-04 07:16:51,679: prepare_thread() 'Prepare thread running'
INFO: 2025-10-04 07:16:51,680: prepare_thread() 'Prepared buffer contains 0 images'
INFO: 2025-10-04 07:16:51,680: prepare_thread() 'Preparing some images'
INFO: 2025-10-04 07:16:51,681: get_throttling() 'Flickr: parsing serverside options'
INFO: 2025-10-04 07:16:51,681: get_throttling() 'Could not parse Flickr serverside options, using defaults 120, 20'
INFO: 2025-10-04 07:16:51,681: get_throttling() 'Flickr: parsing serverside options'
INFO: 2025-10-04 07:16:51,681: get_throttling() 'Could not parse Flickr serverside options, using defaults 120, 20'
INFO: 2025-10-04 07:16:51,682: download_one() 'Flickr: Downloading an image, config: user:www.flickr.com/photos/peter-levi/;user_id:93647178@N00;'
INFO: 2025-10-04 07:16:51,682: download_one() 'Flickr: Queue size: 0'
INFO: 2025-10-04 07:16:51,682: get_throttling() 'Flickr: parsing serverside options'
INFO: 2025-10-04 07:16:51,682: get_throttling() 'Could not parse Flickr serverside options, using defaults 120, 20'
INFO: 2025-10-04 07:16:51,682: download_one() 'Flickr: Filling queue'
INFO: 2025-10-04 07:16:51,682: fetch() 'Making flickr API call: https://api.flickr.com/services/rest/?method=flickr.photos.search&api_key=0553a848c09bcfd21d3a984d9408c04e&per_page=500&tag_mode=all&format=json&nojsoncallback=1&user_id=93647178@N00'
INFO: 2025-10-04 07:16:51,695: update_indicator_icon() 'Creating indicator'
WARNING: 2025-10-04 07:16:51,757: create_menu() 'Variety Slideshow is not installed. This is an optional extension adding pan-and-zoom slideshows to Variety: see https://github.com/peterlevi/variety-slideshow for details'
INFO: 2025-10-04 07:16:51,758: create_indicator() 'indicator backend: fallback tray'
INFO: 2025-10-04 07:16:51,778: do_set_wp() 'Calling do_set_wp with /usr/share/backgrounds/gnome/adwaita-l.jxl, time: 1759542411.7784142'
INFO: 2025-10-04 07:16:51,778: do_set_wp() 'Missing file or bad permissions, will not use it: /usr/share/backgrounds/gnome/adwaita-l.jxl'
INFO: 2025-10-04 07:16:51,860: set_from_theme_icon() 'Showing status icon variety-indicator from GTK theme'
ERROR: 2025-10-04 07:16:52,114: download_one_from() 'Could not download wallpaper:'
Traceback (most recent call last):
  File "/usr/lib/python3.13/site-packages/variety/VarietyWindow.py", line 1166, in download_one_from
    file = downloader.download_one()
  File "/usr/lib/python3.13/site-packages/variety/plugins/downloaders/DefaultDownloader.py", line 141, in download_one
    items = self.fill_queue()
  File "/usr/lib/python3.13/site-packages/variety/FlickrDownloader.py", line 161, in fill_queue
    resp = FlickrDownloader.fetch(call)
  File "/usr/lib/python3.13/site-packages/variety/FlickrDownloader.py", line 74, in fetch
    return Util.fetch_json(call)
           ~~~~~~~~~~~~~~~^^^^^^
  File "/usr/lib/python3.13/site-packages/variety/Util.py", line 684, in fetch_json
    return Util.request(url, data, **request_kwargs).json()
           ~~~~~~~~~~~~^^^^^^^^^^^^^^^^^^^^^^^^^^^^^
  File "/usr/lib/python3.13/site-packages/variety/Util.py", line 663, in request
    r.raise_for_status()
    ~~~~~~~~~~~~~~~~~~^^
  File "/usr/lib/python3.13/site-packages/requests/models.py", line 1026, in raise_for_status
    raise HTTPError(http_error_msg, response=self)
requests.exceptions.HTTPError: 429 Client Error: Too Many Requests for url: https://api.flickr.com/services/rest/?method=flickr.photos.search&api_key=0553a848c09bcfd21d3a984d9408c04e&per_page=500&tag_mode=all&format=json&nojsoncallback=1&user_id=93647178@N00
INFO: 2025-10-04 07:16:53,272: reload() 'Reloading preferences dialog'
ERROR: 2025-10-04 07:16:53,272: get_xdg_pictures_folder() 'Could not get path to Pictures folder. Defaulting to ~/Pictures.'
Traceback (most recent call last):
  File "/usr/lib/python3.13/site-packages/variety/Util.py", line 818, in get_xdg_pictures_folder
    raise Exception("Could not get path to Pictures folder. Defaulting to ~/Pictures.")
Exception: Could not get path to Pictures folder. Defaulting to ~/Pictures.
ERROR: 2025-10-04 07:16:53,273: get_xdg_pictures_folder() 'Could not get path to Pictures folder. Defaulting to ~/Pictures.'
Traceback (most recent call last):
  File "/usr/lib/python3.13/site-packages/variety/Util.py", line 818, in get_xdg_pictures_folder
    raise Exception("Could not get path to Pictures folder. Defaulting to ~/Pictures.")
Exception: Could not get path to Pictures folder. Defaulting to ~/Pictures.
ERROR: 2025-10-04 07:16:53,276: get_xdg_pictures_folder() 'Could not get path to Pictures folder. Defaulting to ~/Pictures.'
Traceback (most recent call last):
  File "/usr/lib/python3.13/site-packages/variety/Util.py", line 818, in get_xdg_pictures_folder
    raise Exception("Could not get path to Pictures folder. Defaulting to ~/Pictures.")
Exception: Could not get path to Pictures folder. Defaulting to ~/Pictures.
ERROR: 2025-10-04 07:16:53,276: get_file_icon_name() 'Exception while obtaining folder icon for /home/ani/Pictures:'
Traceback (most recent call last):
  File "/usr/lib/python3.13/site-packages/variety/Util.py", line 803, in get_file_icon_name
    query_info = f.query_info("standard::icon", Gio.FileQueryInfoFlags.NONE, None)
gi.repository.GLib.GError: g-io-error-quark: Error when getting information for file “/home/ani/Pictures”: No such file or directory (1)
ERROR: 2025-10-04 07:16:53,277: get_file_icon_name() 'Exception while obtaining folder icon for /home/ani/Pictures:'
Traceback (most recent call last):
  File "/usr/lib/python3.13/site-packages/variety/Util.py", line 803, in get_file_icon_name
    query_info = f.query_info("standard::icon", Gio.FileQueryInfoFlags.NONE, None)
gi.repository.GLib.GError: g-io-error-quark: Error when getting information for file “/home/ani/Pictures”: No such file or directory (1)
INFO: 2025-10-04 07:16:56,679: set_wallpaper() 'Calling set_wallpaper with /home/ani/walls/flowers/a_close_up_of_a_plant_03.jpg'
INFO: 2025-10-04 07:16:56,680: do_set_wp() 'Calling do_set_wp with /home/ani/walls/flowers/a_close_up_of_a_plant_03.jpg, time: 1759542416.6800003'
INFO: 2025-10-04 07:16:56,683: regular_change_thread() 'regular_change: waiting till user resumes'
INFO: 2025-10-04 07:16:56,686: update_indicator() 'Setting file info to: /home/ani/walls/flowers/a_close_up_of_a_plant_03.jpg'
INFO: 2025-10-04 07:17:08,639: prepare_thread() 'After search prepared buffer contains 96 images'
INFO: 2025-10-04 07:17:08,639: prepare_thread() 'Prepared buffer contains 96 images'
INFO: 2025-10-04 07:17:10,639: trigger_download() 'Triggering download thread to check if download needed and possible'
INFO: 2025-10-04 07:17:10,639: trigger_download() 'Triggering download thread to check if download needed and possible'
INFO: 2025-10-04 07:17:11,684: server_options_thread() 'Fetching server options from https://gist.githubusercontent.com/peterlevi/a7d1dbf3a4e76e15760a/raw/fab10d0ce5cfe66377e7c650be56edb497aabbd4/variety_server_options.json'
INFO: 2025-10-04 07:17:12,149: server_options_thread() 'Fetched server options: {'flickr': {'min_fill_queue_interval': 1200, 'min_download_interval': 1200}, 'wallbase': {'min_fill_queue_interval': 1800, 'min_download_interval': 1800}, 'wallhaven': {'min_fill_queue_interval': 1800, 'min_download_interval': 1800}, 'wallpapers.net': {'min_fill_queue_interval': 601, 'min_download_interval': 0}, 'unsplash': {'min_fill_queue_interval': 20000000000, 'min_download_interval': 20000000000}, 'unsplash_v2': {'min_fill_queue_interval': 3600, 'min_download_interval': 1800}, 'status_message': {'0.0.1': '', '*': ''}}'
INFO: 2025-10-04 07:20:10,640: get_throttling() 'Flickr: parsing serverside options'
INFO: 2025-10-04 07:20:10,640: get_throttling() 'Flickr serverside options: {'min_fill_queue_interval': 1200, 'min_download_interval': 1200}'
INFO: 2025-10-04 07:20:10,640: get_throttling() 'Flickr: parsing serverside options'
INFO: 2025-10-04 07:20:10,640: get_throttling() 'Flickr serverside options: {'min_fill_queue_interval': 1200, 'min_download_interval': 1200}'
INFO: 2025-10-04 07:20:10,640: download_one() 'Flickr: Downloading an image, config: user:www.flickr.com/photos/peter-levi/;user_id:93647178@N00;'
INFO: 2025-10-04 07:20:10,640: download_one() 'Flickr: Queue size: 0'
INFO: 2025-10-04 07:20:10,640: get_throttling() 'Flickr: parsing serverside options'
INFO: 2025-10-04 07:20:10,640: get_throttling() 'Flickr serverside options: {'min_fill_queue_interval': 1200, 'min_download_interval': 1200}'
INFO: 2025-10-04 07:20:10,640: download_one() 'Flickr: Filling queue'
INFO: 2025-10-04 07:20:10,641: fetch() 'Making flickr API call: https://api.flickr.com/services/rest/?method=flickr.photos.search&api_key=0553a848c09bcfd21d3a984d9408c04e&per_page=500&tag_mode=all&format=json&nojsoncallback=1&user_id=93647178@N00'
ERROR: 2025-10-04 07:20:11,115: download_one_from() 'Could not download wallpaper:'
Traceback (most recent call last):
  File "/usr/lib/python3.13/site-packages/variety/VarietyWindow.py", line 1166, in download_one_from
    file = downloader.download_one()
  File "/usr/lib/python3.13/site-packages/variety/plugins/downloaders/DefaultDownloader.py", line 141, in download_one
    items = self.fill_queue()
  File "/usr/lib/python3.13/site-packages/variety/FlickrDownloader.py", line 161, in fill_queue
    resp = FlickrDownloader.fetch(call)
  File "/usr/lib/python3.13/site-packages/variety/FlickrDownloader.py", line 74, in fetch
    return Util.fetch_json(call)
           ~~~~~~~~~~~~~~~^^^^^^
  File "/usr/lib/python3.13/site-packages/variety/Util.py", line 684, in fetch_json
    return Util.request(url, data, **request_kwargs).json()
           ~~~~~~~~~~~~^^^^^^^^^^^^^^^^^^^^^^^^^^^^^
  File "/usr/lib/python3.13/site-packages/variety/Util.py", line 663, in request
    r.raise_for_status()
    ~~~~~~~~~~~~~~~~~~^^
  File "/usr/lib/python3.13/site-packages/requests/models.py", line 1026, in raise_for_status
    raise HTTPError(http_error_msg, response=self)
requests.exceptions.HTTPError: 429 Client Error: Too Many Requests for url: https://api.flickr.com/services/rest/?method=flickr.photos.search&api_key=0553a848c09bcfd21d3a984d9408c04e&per_page=500&tag_mode=all&format=json&nojsoncallback=1&user_id=93647178@N00
INFO: 2025-10-04 07:23:12,120: get_throttling() 'Flickr: parsing serverside options'
INFO: 2025-10-04 07:23:12,120: get_throttling() 'Flickr serverside options: {'min_fill_queue_interval': 1200, 'min_download_interval': 1200}'
INFO: 2025-10-04 07:23:12,121: get_throttling() 'Flickr: parsing serverside options'
INFO: 2025-10-04 07:23:12,121: get_throttling() 'Flickr serverside options: {'min_fill_queue_interval': 1200, 'min_download_interval': 1200}'
INFO: 2025-10-04 07:23:12,121: download_one() 'Flickr: Downloading an image, config: user:www.flickr.com/photos/peter-levi/;user_id:93647178@N00;'
INFO: 2025-10-04 07:23:12,121: download_one() 'Flickr: Queue size: 0'
INFO: 2025-10-04 07:23:12,121: get_throttling() 'Flickr: parsing serverside options'
INFO: 2025-10-04 07:23:12,122: get_throttling() 'Flickr serverside options: {'min_fill_queue_interval': 1200, 'min_download_interval': 1200}'
INFO: 2025-10-04 07:23:12,122: download_one() 'Flickr: Filling queue'
INFO: 2025-10-04 07:23:12,122: fetch() 'Making flickr API call: https://api.flickr.com/services/rest/?method=flickr.photos.search&api_key=0553a848c09bcfd21d3a984d9408c04e&per_page=500&tag_mode=all&format=json&nojsoncallback=1&user_id=93647178@N00'
ERROR: 2025-10-04 07:23:12,663: download_one_from() 'Could not download wallpaper:'
Traceback (most recent call last):
  File "/usr/lib/python3.13/site-packages/variety/VarietyWindow.py", line 1166, in download_one_from
    file = downloader.download_one()
  File "/usr/lib/python3.13/site-packages/variety/plugins/downloaders/DefaultDownloader.py", line 141, in download_one
    items = self.fill_queue()
  File "/usr/lib/python3.13/site-packages/variety/FlickrDownloader.py", line 161, in fill_queue
    resp = FlickrDownloader.fetch(call)
  File "/usr/lib/python3.13/site-packages/variety/FlickrDownloader.py", line 74, in fetch
    return Util.fetch_json(call)
           ~~~~~~~~~~~~~~~^^^^^^
  File "/usr/lib/python3.13/site-packages/variety/Util.py", line 684, in fetch_json
    return Util.request(url, data, **request_kwargs).json()
           ~~~~~~~~~~~~^^^^^^^^^^^^^^^^^^^^^^^^^^^^^
  File "/usr/lib/python3.13/site-packages/variety/Util.py", line 663, in request
    r.raise_for_status()
    ~~~~~~~~~~~~~~~~~~^^
  File "/usr/lib/python3.13/site-packages/requests/models.py", line 1026, in raise_for_status
    raise HTTPError(http_error_msg, response=self)
requests.exceptions.HTTPError: 429 Client Error: Too Many Requests for url: https://api.flickr.com/services/rest/?method=flickr.photos.search&api_key=0553a848c09bcfd21d3a984d9408c04e&per_page=500&tag_mode=all&format=json&nojsoncallback=1&user_id=93647178@N00
INFO: 2025-10-04 07:26:13,670: get_throttling() 'Flickr: parsing serverside options'
INFO: 2025-10-04 07:26:13,670: get_throttling() 'Flickr serverside options: {'min_fill_queue_interval': 1200, 'min_download_interval': 1200}'
INFO: 2025-10-04 07:26:13,670: get_throttling() 'Flickr: parsing serverside options'
INFO: 2025-10-04 07:26:13,670: get_throttling() 'Flickr serverside options: {'min_fill_queue_interval': 1200, 'min_download_interval': 1200}'
INFO: 2025-10-04 07:26:13,671: download_one() 'Flickr: Downloading an image, config: user:www.flickr.com/photos/peter-levi/;user_id:93647178@N00;'
INFO: 2025-10-04 07:26:13,671: download_one() 'Flickr: Queue size: 0'
INFO: 2025-10-04 07:26:13,671: get_throttling() 'Flickr: parsing serverside options'
INFO: 2025-10-04 07:26:13,671: get_throttling() 'Flickr serverside options: {'min_fill_queue_interval': 1200, 'min_download_interval': 1200}'
INFO: 2025-10-04 07:26:13,671: download_one() 'Flickr: Filling queue'
INFO: 2025-10-04 07:26:13,671: fetch() 'Making flickr API call: https://api.flickr.com/services/rest/?method=flickr.photos.search&api_key=0553a848c09bcfd21d3a984d9408c04e&per_page=500&tag_mode=all&format=json&nojsoncallback=1&user_id=93647178@N00'
ERROR: 2025-10-04 07:26:14,107: download_one_from() 'Could not download wallpaper:'
Traceback (most recent call last):
  File "/usr/lib/python3.13/site-packages/variety/VarietyWindow.py", line 1166, in download_one_from
    file = downloader.download_one()
  File "/usr/lib/python3.13/site-packages/variety/plugins/downloaders/DefaultDownloader.py", line 141, in download_one
    items = self.fill_queue()
  File "/usr/lib/python3.13/site-packages/variety/FlickrDownloader.py", line 161, in fill_queue
    resp = FlickrDownloader.fetch(call)
  File "/usr/lib/python3.13/site-packages/variety/FlickrDownloader.py", line 74, in fetch
    return Util.fetch_json(call)
           ~~~~~~~~~~~~~~~^^^^^^
  File "/usr/lib/python3.13/site-packages/variety/Util.py", line 684, in fetch_json
    return Util.request(url, data, **request_kwargs).json()
           ~~~~~~~~~~~~^^^^^^^^^^^^^^^^^^^^^^^^^^^^^
  File "/usr/lib/python3.13/site-packages/variety/Util.py", line 663, in request
    r.raise_for_status()
    ~~~~~~~~~~~~~~~~~~^^
  File "/usr/lib/python3.13/site-packages/requests/models.py", line 1026, in raise_for_status
    raise HTTPError(http_error_msg, response=self)
requests.exceptions.HTTPError: 429 Client Error: Too Many Requests for url: https://api.flickr.com/services/rest/?method=flickr.photos.search&api_key=0553a848c09bcfd21d3a984d9408c04e&per_page=500&tag_mode=all&format=json&nojsoncallback=1&user_id=93647178@N00
INFO: 2025-10-04 07:29:15,116: get_throttling() 'Flickr: parsing serverside options'
INFO: 2025-10-04 07:29:15,117: get_throttling() 'Flickr serverside options: {'min_fill_queue_interval': 1200, 'min_download_interval': 1200}'
INFO: 2025-10-04 07:29:15,117: get_throttling() 'Flickr: parsing serverside options'
INFO: 2025-10-04 07:29:15,117: get_throttling() 'Flickr serverside options: {'min_fill_queue_interval': 1200, 'min_download_interval': 1200}'
INFO: 2025-10-04 07:29:15,117: download_one() 'Flickr: Downloading an image, config: user:www.flickr.com/photos/peter-levi/;user_id:93647178@N00;'
INFO: 2025-10-04 07:29:15,117: download_one() 'Flickr: Queue size: 0'
INFO: 2025-10-04 07:29:15,117: get_throttling() 'Flickr: parsing serverside options'
INFO: 2025-10-04 07:29:15,117: get_throttling() 'Flickr serverside options: {'min_fill_queue_interval': 1200, 'min_download_interval': 1200}'
INFO: 2025-10-04 07:29:15,117: download_one() 'Flickr: Filling queue'
INFO: 2025-10-04 07:29:15,118: fetch() 'Making flickr API call: https://api.flickr.com/services/rest/?method=flickr.photos.search&api_key=0553a848c09bcfd21d3a984d9408c04e&per_page=500&tag_mode=all&format=json&nojsoncallback=1&user_id=93647178@N00'
ERROR: 2025-10-04 07:29:15,577: download_one_from() 'Could not download wallpaper:'
Traceback (most recent call last):
  File "/usr/lib/python3.13/site-packages/variety/VarietyWindow.py", line 1166, in download_one_from
    file = downloader.download_one()
  File "/usr/lib/python3.13/site-packages/variety/plugins/downloaders/DefaultDownloader.py", line 141, in download_one
    items = self.fill_queue()
  File "/usr/lib/python3.13/site-packages/variety/FlickrDownloader.py", line 161, in fill_queue
    resp = FlickrDownloader.fetch(call)
  File "/usr/lib/python3.13/site-packages/variety/FlickrDownloader.py", line 74, in fetch
    return Util.fetch_json(call)
           ~~~~~~~~~~~~~~~^^^^^^
  File "/usr/lib/python3.13/site-packages/variety/Util.py", line 684, in fetch_json
    return Util.request(url, data, **request_kwargs).json()
           ~~~~~~~~~~~~^^^^^^^^^^^^^^^^^^^^^^^^^^^^^
  File "/usr/lib/python3.13/site-packages/variety/Util.py", line 663, in request
    r.raise_for_status()
    ~~~~~~~~~~~~~~~~~~^^
  File "/usr/lib/python3.13/site-packages/requests/models.py", line 1026, in raise_for_status
    raise HTTPError(http_error_msg, response=self)
requests.exceptions.HTTPError: 429 Client Error: Too Many Requests for url: https://api.flickr.com/services/rest/?method=flickr.photos.search&api_key=0553a848c09bcfd21d3a984d9408c04e&per_page=500&tag_mode=all&format=json&nojsoncallback=1&user_id=93647178@N00
INFO: 2025-10-04 07:32:16,584: get_throttling() 'Flickr: parsing serverside options'
INFO: 2025-10-04 07:32:16,584: get_throttling() 'Flickr serverside options: {'min_fill_queue_interval': 1200, 'min_download_interval': 1200}'
INFO: 2025-10-04 07:32:16,584: get_throttling() 'Flickr: parsing serverside options'
INFO: 2025-10-04 07:32:16,584: get_throttling() 'Flickr serverside options: {'min_fill_queue_interval': 1200, 'min_download_interval': 1200}'
INFO: 2025-10-04 07:32:16,584: download_one() 'Flickr: Downloading an image, config: user:www.flickr.com/photos/peter-levi/;user_id:93647178@N00;'
INFO: 2025-10-04 07:32:16,584: download_one() 'Flickr: Queue size: 0'
INFO: 2025-10-04 07:32:16,584: get_throttling() 'Flickr: parsing serverside options'
INFO: 2025-10-04 07:32:16,584: get_throttling() 'Flickr serverside options: {'min_fill_queue_interval': 1200, 'min_download_interval': 1200}'
INFO: 2025-10-04 07:32:16,584: download_one() 'Flickr: Filling queue'
INFO: 2025-10-04 07:32:16,584: fetch() 'Making flickr API call: https://api.flickr.com/services/rest/?method=flickr.photos.search&api_key=0553a848c09bcfd21d3a984d9408c04e&per_page=500&tag_mode=all&format=json&nojsoncallback=1&user_id=93647178@N00'
ERROR: 2025-10-04 07:32:17,004: download_one_from() 'Could not download wallpaper:'
Traceback (most recent call last):
  File "/usr/lib/python3.13/site-packages/variety/VarietyWindow.py", line 1166, in download_one_from
    file = downloader.download_one()
  File "/usr/lib/python3.13/site-packages/variety/plugins/downloaders/DefaultDownloader.py", line 141, in download_one
    items = self.fill_queue()
  File "/usr/lib/python3.13/site-packages/variety/FlickrDownloader.py", line 161, in fill_queue
    resp = FlickrDownloader.fetch(call)
  File "/usr/lib/python3.13/site-packages/variety/FlickrDownloader.py", line 74, in fetch
    return Util.fetch_json(call)
           ~~~~~~~~~~~~~~~^^^^^^
  File "/usr/lib/python3.13/site-packages/variety/Util.py", line 684, in fetch_json
    return Util.request(url, data, **request_kwargs).json()
           ~~~~~~~~~~~~^^^^^^^^^^^^^^^^^^^^^^^^^^^^^
  File "/usr/lib/python3.13/site-packages/variety/Util.py", line 663, in request
    r.raise_for_status()
    ~~~~~~~~~~~~~~~~~~^^
  File "/usr/lib/python3.13/site-packages/requests/models.py", line 1026, in raise_for_status
    raise HTTPError(http_error_msg, response=self)
requests.exceptions.HTTPError: 429 Client Error: Too Many Requests for url: https://api.flickr.com/services/rest/?method=flickr.photos.search&api_key=0553a848c09bcfd21d3a984d9408c04e&per_page=500&tag_mode=all&format=json&nojsoncallback=1&user_id=93647178@N00
INFO: 2025-10-04 07:35:18,011: get_throttling() 'Flickr: parsing serverside options'
INFO: 2025-10-04 07:35:18,011: get_throttling() 'Flickr serverside options: {'min_fill_queue_interval': 1200, 'min_download_interval': 1200}'
INFO: 2025-10-04 07:35:18,011: get_throttling() 'Flickr: parsing serverside options'
INFO: 2025-10-04 07:35:18,011: get_throttling() 'Flickr serverside options: {'min_fill_queue_interval': 1200, 'min_download_interval': 1200}'
INFO: 2025-10-04 07:35:18,011: download_one() 'Flickr: Downloading an image, config: user:www.flickr.com/photos/peter-levi/;user_id:93647178@N00;'
INFO: 2025-10-04 07:35:18,011: download_one() 'Flickr: Queue size: 0'
INFO: 2025-10-04 07:35:18,011: get_throttling() 'Flickr: parsing serverside options'
INFO: 2025-10-04 07:35:18,011: get_throttling() 'Flickr serverside options: {'min_fill_queue_interval': 1200, 'min_download_interval': 1200}'
INFO: 2025-10-04 07:35:18,011: download_one() 'Flickr: Filling queue'
INFO: 2025-10-04 07:35:18,012: fetch() 'Making flickr API call: https://api.flickr.com/services/rest/?method=flickr.photos.search&api_key=0553a848c09bcfd21d3a984d9408c04e&per_page=500&tag_mode=all&format=json&nojsoncallback=1&user_id=93647178@N00'
ERROR: 2025-10-04 07:35:18,432: download_one_from() 'Could not download wallpaper:'
Traceback (most recent call last):
  File "/usr/lib/python3.13/site-packages/variety/VarietyWindow.py", line 1166, in download_one_from
    file = downloader.download_one()
  File "/usr/lib/python3.13/site-packages/variety/plugins/downloaders/DefaultDownloader.py", line 141, in download_one
    items = self.fill_queue()
  File "/usr/lib/python3.13/site-packages/variety/FlickrDownloader.py", line 161, in fill_queue
    resp = FlickrDownloader.fetch(call)
  File "/usr/lib/python3.13/site-packages/variety/FlickrDownloader.py", line 74, in fetch
    return Util.fetch_json(call)
           ~~~~~~~~~~~~~~~^^^^^^
  File "/usr/lib/python3.13/site-packages/variety/Util.py", line 684, in fetch_json
    return Util.request(url, data, **request_kwargs).json()
           ~~~~~~~~~~~~^^^^^^^^^^^^^^^^^^^^^^^^^^^^^
  File "/usr/lib/python3.13/site-packages/variety/Util.py", line 663, in request
    r.raise_for_status()
    ~~~~~~~~~~~~~~~~~~^^
  File "/usr/lib/python3.13/site-packages/requests/models.py", line 1026, in raise_for_status
    raise HTTPError(http_error_msg, response=self)
requests.exceptions.HTTPError: 429 Client Error: Too Many Requests for url: https://api.flickr.com/services/rest/?method=flickr.photos.search&api_key=0553a848c09bcfd21d3a984d9408c04e&per_page=500&tag_mode=all&format=json&nojsoncallback=1&user_id=93647178@N00
INFO: 2025-10-04 07:37:07,992: process_command() 'Received command: ['--set', '/home/ani/.config/themes/gruvbox-hard-dark/wallpaper.png']'
INFO: 2025-10-04 07:37:07,995: set_wallpaper() 'Calling set_wallpaper with /home/ani/.config/themes/gruvbox-hard-dark/wallpaper.png'
INFO: 2025-10-04 07:37:07,995: do_set_wp() 'Calling do_set_wp with /home/ani/.config/themes/gruvbox-hard-dark/wallpaper.png, time: 1759543627.9953446'
INFO: 2025-10-04 07:37:08,001: update_indicator() 'Setting file info to: /home/ani/.config/themes/gruvbox-hard-dark/wallpaper.png'
INFO: 2025-10-04 07:37:17,992: process_command() 'Received command: ['--set', '/home/ani/.config/themes/kanagawa-lotus/wallpaper.png']'
INFO: 2025-10-04 07:37:17,996: set_wallpaper() 'Calling set_wallpaper with /home/ani/.config/themes/kanagawa-lotus/wallpaper.png'
INFO: 2025-10-04 07:37:17,997: do_set_wp() 'Calling do_set_wp with /home/ani/.config/themes/kanagawa-lotus/wallpaper.png, time: 1759543637.9971657'
INFO: 2025-10-04 07:37:18,003: update_indicator() 'Setting file info to: /home/ani/.config/themes/kanagawa-lotus/wallpaper.png'
INFO: 2025-10-04 07:37:53,805: process_command() 'Received command: ['--set', '/home/ani/.config/themes/evergreen/wallpaper.png']'
INFO: 2025-10-04 07:37:53,808: set_wallpaper() 'Calling set_wallpaper with /home/ani/.config/themes/evergreen/wallpaper.png'
INFO: 2025-10-04 07:37:53,808: do_set_wp() 'Calling do_set_wp with /home/ani/.config/themes/evergreen/wallpaper.png, time: 1759543673.8088033'
INFO: 2025-10-04 07:37:53,822: update_indicator() 'Setting file info to: /home/ani/.config/themes/evergreen/wallpaper.png'
INFO: 2025-10-04 07:38:19,434: get_throttling() 'Flickr: parsing serverside options'
INFO: 2025-10-04 07:38:19,435: get_throttling() 'Flickr serverside options: {'min_fill_queue_interval': 1200, 'min_download_interval': 1200}'
INFO: 2025-10-04 07:38:19,435: get_throttling() 'Flickr: parsing serverside options'
INFO: 2025-10-04 07:38:19,435: get_throttling() 'Flickr serverside options: {'min_fill_queue_interval': 1200, 'min_download_interval': 1200}'
INFO: 2025-10-04 07:38:19,435: download_one() 'Flickr: Downloading an image, config: user:www.flickr.com/photos/peter-levi/;user_id:93647178@N00;'
INFO: 2025-10-04 07:38:19,435: download_one() 'Flickr: Queue size: 0'
INFO: 2025-10-04 07:38:19,435: get_throttling() 'Flickr: parsing serverside options'
INFO: 2025-10-04 07:38:19,436: get_throttling() 'Flickr serverside options: {'min_fill_queue_interval': 1200, 'min_download_interval': 1200}'
INFO: 2025-10-04 07:38:19,436: download_one() 'Flickr: Filling queue'
INFO: 2025-10-04 07:38:19,436: fetch() 'Making flickr API call: https://api.flickr.com/services/rest/?method=flickr.photos.search&api_key=0553a848c09bcfd21d3a984d9408c04e&per_page=500&tag_mode=all&format=json&nojsoncallback=1&user_id=93647178@N00'
ERROR: 2025-10-04 07:38:19,904: download_one_from() 'Could not download wallpaper:'
Traceback (most recent call last):
  File "/usr/lib/python3.13/site-packages/variety/VarietyWindow.py", line 1166, in download_one_from
    file = downloader.download_one()
  File "/usr/lib/python3.13/site-packages/variety/plugins/downloaders/DefaultDownloader.py", line 141, in download_one
    items = self.fill_queue()
  File "/usr/lib/python3.13/site-packages/variety/FlickrDownloader.py", line 161, in fill_queue
    resp = FlickrDownloader.fetch(call)
  File "/usr/lib/python3.13/site-packages/variety/FlickrDownloader.py", line 74, in fetch
    return Util.fetch_json(call)
           ~~~~~~~~~~~~~~~^^^^^^
  File "/usr/lib/python3.13/site-packages/variety/Util.py", line 684, in fetch_json
    return Util.request(url, data, **request_kwargs).json()
           ~~~~~~~~~~~~^^^^^^^^^^^^^^^^^^^^^^^^^^^^^
  File "/usr/lib/python3.13/site-packages/variety/Util.py", line 663, in request
    r.raise_for_status()
    ~~~~~~~~~~~~~~~~~~^^
  File "/usr/lib/python3.13/site-packages/requests/models.py", line 1026, in raise_for_status
    raise HTTPError(http_error_msg, response=self)
requests.exceptions.HTTPError: 429 Client Error: Too Many Requests for url: https://api.flickr.com/services/rest/?method=flickr.photos.search&api_key=0553a848c09bcfd21d3a984d9408c04e&per_page=500&tag_mode=all&format=json&nojsoncallback=1&user_id=93647178@N00
INFO: 2025-10-04 07:38:21,524: process_command() 'Received command: ['--set', '/home/ani/.config/themes/kanagawa-lotus/wallpaper.png']'
INFO: 2025-10-04 07:38:21,527: set_wallpaper() 'Calling set_wallpaper with /home/ani/.config/themes/kanagawa-lotus/wallpaper.png'
INFO: 2025-10-04 07:38:21,527: do_set_wp() 'Calling do_set_wp with /home/ani/.config/themes/kanagawa-lotus/wallpaper.png, time: 1759543701.5277982'
INFO: 2025-10-04 07:38:21,534: update_indicator() 'Setting file info to: /home/ani/.config/themes/kanagawa-lotus/wallpaper.png'
INFO: 2025-10-04 07:41:20,911: get_throttling() 'Flickr: parsing serverside options'
INFO: 2025-10-04 07:41:20,911: get_throttling() 'Flickr serverside options: {'min_fill_queue_interval': 1200, 'min_download_interval': 1200}'
INFO: 2025-10-04 07:41:20,911: get_throttling() 'Flickr: parsing serverside options'
INFO: 2025-10-04 07:41:20,912: get_throttling() 'Flickr serverside options: {'min_fill_queue_interval': 1200, 'min_download_interval': 1200}'
INFO: 2025-10-04 07:41:20,912: download_one() 'Flickr: Downloading an image, config: user:www.flickr.com/photos/peter-levi/;user_id:93647178@N00;'
INFO: 2025-10-04 07:41:20,912: download_one() 'Flickr: Queue size: 0'
INFO: 2025-10-04 07:41:20,912: get_throttling() 'Flickr: parsing serverside options'
INFO: 2025-10-04 07:41:20,912: get_throttling() 'Flickr serverside options: {'min_fill_queue_interval': 1200, 'min_download_interval': 1200}'
INFO: 2025-10-04 07:41:20,912: download_one() 'Flickr: Filling queue'
INFO: 2025-10-04 07:41:20,912: fetch() 'Making flickr API call: https://api.flickr.com/services/rest/?method=flickr.photos.search&api_key=0553a848c09bcfd21d3a984d9408c04e&per_page=500&tag_mode=all&format=json&nojsoncallback=1&user_id=93647178@N00'
ERROR: 2025-10-04 07:41:21,372: download_one_from() 'Could not download wallpaper:'
Traceback (most recent call last):
  File "/usr/lib/python3.13/site-packages/variety/VarietyWindow.py", line 1166, in download_one_from
    file = downloader.download_one()
  File "/usr/lib/python3.13/site-packages/variety/plugins/downloaders/DefaultDownloader.py", line 141, in download_one
    items = self.fill_queue()
  File "/usr/lib/python3.13/site-packages/variety/FlickrDownloader.py", line 161, in fill_queue
    resp = FlickrDownloader.fetch(call)
  File "/usr/lib/python3.13/site-packages/variety/FlickrDownloader.py", line 74, in fetch
    return Util.fetch_json(call)
           ~~~~~~~~~~~~~~~^^^^^^
  File "/usr/lib/python3.13/site-packages/variety/Util.py", line 684, in fetch_json
    return Util.request(url, data, **request_kwargs).json()
           ~~~~~~~~~~~~^^^^^^^^^^^^^^^^^^^^^^^^^^^^^
  File "/usr/lib/python3.13/site-packages/variety/Util.py", line 663, in request
    r.raise_for_status()
    ~~~~~~~~~~~~~~~~~~^^
  File "/usr/lib/python3.13/site-packages/requests/models.py", line 1026, in raise_for_status
    raise HTTPError(http_error_msg, response=self)
requests.exceptions.HTTPError: 429 Client Error: Too Many Requests for url: https://api.flickr.com/services/rest/?method=flickr.photos.search&api_key=0553a848c09bcfd21d3a984d9408c04e&per_page=500&tag_mode=all&format=json&nojsoncallback=1&user_id=93647178@N00
INFO: 2025-10-04 07:44:22,374: get_throttling() 'Flickr: parsing serverside options'
INFO: 2025-10-04 07:44:22,374: get_throttling() 'Flickr serverside options: {'min_fill_queue_interval': 1200, 'min_download_interval': 1200}'
INFO: 2025-10-04 07:44:22,374: get_throttling() 'Flickr: parsing serverside options'
INFO: 2025-10-04 07:44:22,374: get_throttling() 'Flickr serverside options: {'min_fill_queue_interval': 1200, 'min_download_interval': 1200}'
INFO: 2025-10-04 07:44:22,374: download_one() 'Flickr: Downloading an image, config: user:www.flickr.com/photos/peter-levi/;user_id:93647178@N00;'
INFO: 2025-10-04 07:44:22,374: download_one() 'Flickr: Queue size: 0'
INFO: 2025-10-04 07:44:22,374: get_throttling() 'Flickr: parsing serverside options'
INFO: 2025-10-04 07:44:22,374: get_throttling() 'Flickr serverside options: {'min_fill_queue_interval': 1200, 'min_download_interval': 1200}'
INFO: 2025-10-04 07:44:22,374: download_one() 'Flickr: Filling queue'
INFO: 2025-10-04 07:44:22,374: fetch() 'Making flickr API call: https://api.flickr.com/services/rest/?method=flickr.photos.search&api_key=0553a848c09bcfd21d3a984d9408c04e&per_page=500&tag_mode=all&format=json&nojsoncallback=1&user_id=93647178@N00'
ERROR: 2025-10-04 07:44:22,787: download_one_from() 'Could not download wallpaper:'
Traceback (most recent call last):
  File "/usr/lib/python3.13/site-packages/variety/VarietyWindow.py", line 1166, in download_one_from
    file = downloader.download_one()
  File "/usr/lib/python3.13/site-packages/variety/plugins/downloaders/DefaultDownloader.py", line 141, in download_one
    items = self.fill_queue()
  File "/usr/lib/python3.13/site-packages/variety/FlickrDownloader.py", line 161, in fill_queue
    resp = FlickrDownloader.fetch(call)
  File "/usr/lib/python3.13/site-packages/variety/FlickrDownloader.py", line 74, in fetch
    return Util.fetch_json(call)
           ~~~~~~~~~~~~~~~^^^^^^
  File "/usr/lib/python3.13/site-packages/variety/Util.py", line 684, in fetch_json
    return Util.request(url, data, **request_kwargs).json()
           ~~~~~~~~~~~~^^^^^^^^^^^^^^^^^^^^^^^^^^^^^
  File "/usr/lib/python3.13/site-packages/variety/Util.py", line 663, in request
    r.raise_for_status()
    ~~~~~~~~~~~~~~~~~~^^
  File "/usr/lib/python3.13/site-packages/requests/models.py", line 1026, in raise_for_status
    raise HTTPError(http_error_msg, response=self)
requests.exceptions.HTTPError: 429 Client Error: Too Many Requests for url: https://api.flickr.com/services/rest/?method=flickr.photos.search&api_key=0553a848c09bcfd21d3a984d9408c04e&per_page=500&tag_mode=all&format=json&nojsoncallback=1&user_id=93647178@N00
INFO: 2025-10-04 07:47:23,795: get_throttling() 'Flickr: parsing serverside options'
INFO: 2025-10-04 07:47:23,795: get_throttling() 'Flickr serverside options: {'min_fill_queue_interval': 1200, 'min_download_interval': 1200}'
INFO: 2025-10-04 07:47:23,796: get_throttling() 'Flickr: parsing serverside options'
INFO: 2025-10-04 07:47:23,796: get_throttling() 'Flickr serverside options: {'min_fill_queue_interval': 1200, 'min_download_interval': 1200}'
INFO: 2025-10-04 07:47:23,797: download_one() 'Flickr: Downloading an image, config: user:www.flickr.com/photos/peter-levi/;user_id:93647178@N00;'
INFO: 2025-10-04 07:47:23,797: download_one() 'Flickr: Queue size: 0'
INFO: 2025-10-04 07:47:23,797: get_throttling() 'Flickr: parsing serverside options'
INFO: 2025-10-04 07:47:23,797: get_throttling() 'Flickr serverside options: {'min_fill_queue_interval': 1200, 'min_download_interval': 1200}'
INFO: 2025-10-04 07:47:23,797: download_one() 'Flickr: Filling queue'
INFO: 2025-10-04 07:47:23,797: fetch() 'Making flickr API call: https://api.flickr.com/services/rest/?method=flickr.photos.search&api_key=0553a848c09bcfd21d3a984d9408c04e&per_page=500&tag_mode=all&format=json&nojsoncallback=1&user_id=93647178@N00'
ERROR: 2025-10-04 07:47:24,234: download_one_from() 'Could not download wallpaper:'
Traceback (most recent call last):
  File "/usr/lib/python3.13/site-packages/variety/VarietyWindow.py", line 1166, in download_one_from
    file = downloader.download_one()
  File "/usr/lib/python3.13/site-packages/variety/plugins/downloaders/DefaultDownloader.py", line 141, in download_one
    items = self.fill_queue()
  File "/usr/lib/python3.13/site-packages/variety/FlickrDownloader.py", line 161, in fill_queue
    resp = FlickrDownloader.fetch(call)
  File "/usr/lib/python3.13/site-packages/variety/FlickrDownloader.py", line 74, in fetch
    return Util.fetch_json(call)
           ~~~~~~~~~~~~~~~^^^^^^
  File "/usr/lib/python3.13/site-packages/variety/Util.py", line 684, in fetch_json
    return Util.request(url, data, **request_kwargs).json()
           ~~~~~~~~~~~~^^^^^^^^^^^^^^^^^^^^^^^^^^^^^
  File "/usr/lib/python3.13/site-packages/variety/Util.py", line 663, in request
    r.raise_for_status()
    ~~~~~~~~~~~~~~~~~~^^
  File "/usr/lib/python3.13/site-packages/requests/models.py", line 1026, in raise_for_status
    raise HTTPError(http_error_msg, response=self)
requests.exceptions.HTTPError: 429 Client Error: Too Many Requests for url: https://api.flickr.com/services/rest/?method=flickr.photos.search&api_key=0553a848c09bcfd21d3a984d9408c04e&per_page=500&tag_mode=all&format=json&nojsoncallback=1&user_id=93647178@N00
INFO: 2025-10-04 07:50:25,242: get_throttling() 'Flickr: parsing serverside options'
INFO: 2025-10-04 07:50:25,242: get_throttling() 'Flickr serverside options: {'min_fill_queue_interval': 1200, 'min_download_interval': 1200}'
INFO: 2025-10-04 07:50:25,243: get_throttling() 'Flickr: parsing serverside options'
INFO: 2025-10-04 07:50:25,243: get_throttling() 'Flickr serverside options: {'min_fill_queue_interval': 1200, 'min_download_interval': 1200}'
INFO: 2025-10-04 07:50:25,243: download_one() 'Flickr: Downloading an image, config: user:www.flickr.com/photos/peter-levi/;user_id:93647178@N00;'
INFO: 2025-10-04 07:50:25,243: download_one() 'Flickr: Queue size: 0'
INFO: 2025-10-04 07:50:25,243: get_throttling() 'Flickr: parsing serverside options'
INFO: 2025-10-04 07:50:25,243: get_throttling() 'Flickr serverside options: {'min_fill_queue_interval': 1200, 'min_download_interval': 1200}'
INFO: 2025-10-04 07:50:25,243: download_one() 'Flickr: Filling queue'
INFO: 2025-10-04 07:50:25,243: fetch() 'Making flickr API call: https://api.flickr.com/services/rest/?method=flickr.photos.search&api_key=0553a848c09bcfd21d3a984d9408c04e&per_page=500&tag_mode=all&format=json&nojsoncallback=1&user_id=93647178@N00'
ERROR: 2025-10-04 07:50:25,714: download_one_from() 'Could not download wallpaper:'
Traceback (most recent call last):
  File "/usr/lib/python3.13/site-packages/variety/VarietyWindow.py", line 1166, in download_one_from
    file = downloader.download_one()
  File "/usr/lib/python3.13/site-packages/variety/plugins/downloaders/DefaultDownloader.py", line 141, in download_one
    items = self.fill_queue()
  File "/usr/lib/python3.13/site-packages/variety/FlickrDownloader.py", line 161, in fill_queue
    resp = FlickrDownloader.fetch(call)
  File "/usr/lib/python3.13/site-packages/variety/FlickrDownloader.py", line 74, in fetch
    return Util.fetch_json(call)
           ~~~~~~~~~~~~~~~^^^^^^
  File "/usr/lib/python3.13/site-packages/variety/Util.py", line 684, in fetch_json
    return Util.request(url, data, **request_kwargs).json()
           ~~~~~~~~~~~~^^^^^^^^^^^^^^^^^^^^^^^^^^^^^
  File "/usr/lib/python3.13/site-packages/variety/Util.py", line 663, in request
    r.raise_for_status()
    ~~~~~~~~~~~~~~~~~~^^
  File "/usr/lib/python3.13/site-packages/requests/models.py", line 1026, in raise_for_status
    raise HTTPError(http_error_msg, response=self)
requests.exceptions.HTTPError: 429 Client Error: Too Many Requests for url: https://api.flickr.com/services/rest/?method=flickr.photos.search&api_key=0553a848c09bcfd21d3a984d9408c04e&per_page=500&tag_mode=all&format=json&nojsoncallback=1&user_id=93647178@N00
INFO: 2025-10-04 07:53:26,721: get_throttling() 'Flickr: parsing serverside options'
INFO: 2025-10-04 07:53:26,721: get_throttling() 'Flickr serverside options: {'min_fill_queue_interval': 1200, 'min_download_interval': 1200}'
INFO: 2025-10-04 07:53:26,721: get_throttling() 'Flickr: parsing serverside options'
INFO: 2025-10-04 07:53:26,722: get_throttling() 'Flickr serverside options: {'min_fill_queue_interval': 1200, 'min_download_interval': 1200}'
INFO: 2025-10-04 07:53:26,722: download_one() 'Flickr: Downloading an image, config: user:www.flickr.com/photos/peter-levi/;user_id:93647178@N00;'
INFO: 2025-10-04 07:53:26,722: download_one() 'Flickr: Queue size: 0'
INFO: 2025-10-04 07:53:26,722: get_throttling() 'Flickr: parsing serverside options'
INFO: 2025-10-04 07:53:26,722: get_throttling() 'Flickr serverside options: {'min_fill_queue_interval': 1200, 'min_download_interval': 1200}'
INFO: 2025-10-04 07:53:26,722: download_one() 'Flickr: Filling queue'
INFO: 2025-10-04 07:53:26,722: fetch() 'Making flickr API call: https://api.flickr.com/services/rest/?method=flickr.photos.search&api_key=0553a848c09bcfd21d3a984d9408c04e&per_page=500&tag_mode=all&format=json&nojsoncallback=1&user_id=93647178@N00'
ERROR: 2025-10-04 07:53:27,158: download_one_from() 'Could not download wallpaper:'
Traceback (most recent call last):
  File "/usr/lib/python3.13/site-packages/variety/VarietyWindow.py", line 1166, in download_one_from
    file = downloader.download_one()
  File "/usr/lib/python3.13/site-packages/variety/plugins/downloaders/DefaultDownloader.py", line 141, in download_one
    items = self.fill_queue()
  File "/usr/lib/python3.13/site-packages/variety/FlickrDownloader.py", line 161, in fill_queue
    resp = FlickrDownloader.fetch(call)
  File "/usr/lib/python3.13/site-packages/variety/FlickrDownloader.py", line 74, in fetch
    return Util.fetch_json(call)
           ~~~~~~~~~~~~~~~^^^^^^
  File "/usr/lib/python3.13/site-packages/variety/Util.py", line 684, in fetch_json
    return Util.request(url, data, **request_kwargs).json()
           ~~~~~~~~~~~~^^^^^^^^^^^^^^^^^^^^^^^^^^^^^
  File "/usr/lib/python3.13/site-packages/variety/Util.py", line 663, in request
    r.raise_for_status()
    ~~~~~~~~~~~~~~~~~~^^
  File "/usr/lib/python3.13/site-packages/requests/models.py", line 1026, in raise_for_status
    raise HTTPError(http_error_msg, response=self)
requests.exceptions.HTTPError: 429 Client Error: Too Many Requests for url: https://api.flickr.com/services/rest/?method=flickr.photos.search&api_key=0553a848c09bcfd21d3a984d9408c04e&per_page=500&tag_mode=all&format=json&nojsoncallback=1&user_id=93647178@N00
INFO: 2025-10-04 07:56:28,164: get_throttling() 'Flickr: parsing serverside options'
INFO: 2025-10-04 07:56:28,165: get_throttling() 'Flickr serverside options: {'min_fill_queue_interval': 1200, 'min_download_interval': 1200}'
INFO: 2025-10-04 07:56:28,165: get_throttling() 'Flickr: parsing serverside options'
INFO: 2025-10-04 07:56:28,165: get_throttling() 'Flickr serverside options: {'min_fill_queue_interval': 1200, 'min_download_interval': 1200}'
INFO: 2025-10-04 07:56:28,165: download_one() 'Flickr: Downloading an image, config: user:www.flickr.com/photos/peter-levi/;user_id:93647178@N00;'
INFO: 2025-10-04 07:56:28,165: download_one() 'Flickr: Queue size: 0'
INFO: 2025-10-04 07:56:28,165: get_throttling() 'Flickr: parsing serverside options'
INFO: 2025-10-04 07:56:28,165: get_throttling() 'Flickr serverside options: {'min_fill_queue_interval': 1200, 'min_download_interval': 1200}'
INFO: 2025-10-04 07:56:28,166: download_one() 'Flickr: Filling queue'
INFO: 2025-10-04 07:56:28,166: fetch() 'Making flickr API call: https://api.flickr.com/services/rest/?method=flickr.photos.search&api_key=0553a848c09bcfd21d3a984d9408c04e&per_page=500&tag_mode=all&format=json&nojsoncallback=1&user_id=93647178@N00'
ERROR: 2025-10-04 07:56:28,169: download_one_from() 'Could not download wallpaper:'
Traceback (most recent call last):
  File "/usr/lib/python3.13/site-packages/urllib3/connection.py", line 198, in _new_conn
    sock = connection.create_connection(
        (self._dns_host, self.port),
    ...<2 lines>...
        socket_options=self.socket_options,
    )
  File "/usr/lib/python3.13/site-packages/urllib3/util/connection.py", line 60, in create_connection
    for res in socket.getaddrinfo(host, port, family, socket.SOCK_STREAM):
               ~~~~~~~~~~~~~~~~~~^^^^^^^^^^^^^^^^^^^^^^^^^^^^^^^^^^^^^^^^
  File "/usr/lib/python3.13/socket.py", line 977, in getaddrinfo
    for res in _socket.getaddrinfo(host, port, family, type, proto, flags):
               ~~~~~~~~~~~~~~~~~~~^^^^^^^^^^^^^^^^^^^^^^^^^^^^^^^^^^^^^^^^
socket.gaierror: [Errno -3] Temporary failure in name resolution

The above exception was the direct cause of the following exception:

Traceback (most recent call last):
  File "/usr/lib/python3.13/site-packages/urllib3/connectionpool.py", line 787, in urlopen
    response = self._make_request(
        conn,
    ...<10 lines>...
        **response_kw,
    )
  File "/usr/lib/python3.13/site-packages/urllib3/connectionpool.py", line 488, in _make_request
    raise new_e
  File "/usr/lib/python3.13/site-packages/urllib3/connectionpool.py", line 464, in _make_request
    self._validate_conn(conn)
    ~~~~~~~~~~~~~~~~~~~^^^^^^
  File "/usr/lib/python3.13/site-packages/urllib3/connectionpool.py", line 1093, in _validate_conn
    conn.connect()
    ~~~~~~~~~~~~^^
  File "/usr/lib/python3.13/site-packages/urllib3/connection.py", line 753, in connect
    self.sock = sock = self._new_conn()
                       ~~~~~~~~~~~~~~^^
  File "/usr/lib/python3.13/site-packages/urllib3/connection.py", line 205, in _new_conn
    raise NameResolutionError(self.host, self, e) from e
urllib3.exceptions.NameResolutionError: <urllib3.connection.HTTPSConnection object at 0x7f4531e4e0d0>: Failed to resolve 'api.flickr.com' ([Errno -3] Temporary failure in name resolution)

The above exception was the direct cause of the following exception:

Traceback (most recent call last):
  File "/usr/lib/python3.13/site-packages/requests/adapters.py", line 644, in send
    resp = conn.urlopen(
        method=request.method,
    ...<9 lines>...
        chunked=chunked,
    )
  File "/usr/lib/python3.13/site-packages/urllib3/connectionpool.py", line 841, in urlopen
    retries = retries.increment(
        method, url, error=new_e, _pool=self, _stacktrace=sys.exc_info()[2]
    )
  File "/usr/lib/python3.13/site-packages/urllib3/util/retry.py", line 519, in increment
    raise MaxRetryError(_pool, url, reason) from reason  # type: ignore[arg-type]
    ^^^^^^^^^^^^^^^^^^^^^^^^^^^^^^^^^^^^^^^^^^^^^^^^^^^
urllib3.exceptions.MaxRetryError: HTTPSConnectionPool(host='api.flickr.com', port=443): Max retries exceeded with url: /services/rest/?method=flickr.photos.search&api_key=0553a848c09bcfd21d3a984d9408c04e&per_page=500&tag_mode=all&format=json&nojsoncallback=1&user_id=93647178@N00 (Caused by NameResolutionError("<urllib3.connection.HTTPSConnection object at 0x7f4531e4e0d0>: Failed to resolve 'api.flickr.com' ([Errno -3] Temporary failure in name resolution)"))

During handling of the above exception, another exception occurred:

Traceback (most recent call last):
  File "/usr/lib/python3.13/site-packages/variety/VarietyWindow.py", line 1166, in download_one_from
    file = downloader.download_one()
  File "/usr/lib/python3.13/site-packages/variety/plugins/downloaders/DefaultDownloader.py", line 141, in download_one
    items = self.fill_queue()
  File "/usr/lib/python3.13/site-packages/variety/FlickrDownloader.py", line 161, in fill_queue
    resp = FlickrDownloader.fetch(call)
  File "/usr/lib/python3.13/site-packages/variety/FlickrDownloader.py", line 74, in fetch
    return Util.fetch_json(call)
           ~~~~~~~~~~~~~~~^^^^^^
  File "/usr/lib/python3.13/site-packages/variety/Util.py", line 684, in fetch_json
    return Util.request(url, data, **request_kwargs).json()
           ~~~~~~~~~~~~^^^^^^^^^^^^^^^^^^^^^^^^^^^^^
  File "/usr/lib/python3.13/site-packages/variety/Util.py", line 654, in request
    r = requests.request(
        method=method,
    ...<5 lines>...
        timeout=timeout,
    )
  File "/usr/lib/python3.13/site-packages/requests/api.py", line 59, in request
    return session.request(method=method, url=url, **kwargs)
           ~~~~~~~~~~~~~~~^^^^^^^^^^^^^^^^^^^^^^^^^^^^^^^^^^
  File "/usr/lib/python3.13/site-packages/requests/sessions.py", line 589, in request
    resp = self.send(prep, **send_kwargs)
  File "/usr/lib/python3.13/site-packages/requests/sessions.py", line 703, in send
    r = adapter.send(request, **kwargs)
  File "/usr/lib/python3.13/site-packages/requests/adapters.py", line 677, in send
    raise ConnectionError(e, request=request)
requests.exceptions.ConnectionError: HTTPSConnectionPool(host='api.flickr.com', port=443): Max retries exceeded with url: /services/rest/?method=flickr.photos.search&api_key=0553a848c09bcfd21d3a984d9408c04e&per_page=500&tag_mode=all&format=json&nojsoncallback=1&user_id=93647178@N00 (Caused by NameResolutionError("<urllib3.connection.HTTPSConnection object at 0x7f4531e4e0d0>: Failed to resolve 'api.flickr.com' ([Errno -3] Temporary failure in name resolution)"))
